


ARM Macro Assembler    Page 1 


    1 00000000         ;******************** (C) COPYRIGHT 2017 STMicroelectron
                       ics ********************
    2 00000000         ;* File Name          : startup_stm32f103x6.s
    3 00000000         ;* Author             : MCD Application Team
    4 00000000         ;* Version            : V4.2.0
    5 00000000         ;* Date               : 31-March-2017
    6 00000000         ;* Description        : STM32F103x6 Devices vector table
                        for MDK-ARM toolchain. 
    7 00000000         ;*                      This module performs:
    8 00000000         ;*                      - Set the initial SP
    9 00000000         ;*                      - Set the initial PC == Reset_Ha
                       ndler
   10 00000000         ;*                      - Set the vector table entries w
                       ith the exceptions ISR address
   11 00000000         ;*                      - Configure the clock system
   12 00000000         ;*                      - Branches to __main in the C li
                       brary (which eventually
   13 00000000         ;*                        calls main()).
   14 00000000         ;*                      After Reset the Cortex-M3 proces
                       sor is in Thread mode,
   15 00000000         ;*                      priority is Privileged, and the 
                       Stack is set to Main.
   16 00000000         ;*******************************************************
                       *************************
   17 00000000         ;*
   18 00000000         ;* <h2><center>&copy; COPYRIGHT(c) 2017 STMicroelectroni
                       cs</center></h2>
   19 00000000         ;*
   20 00000000         ;* Redistribution and use in source and binary forms, wi
                       th or without modification,
   21 00000000         ;* are permitted provided that the following conditions 
                       are met:
   22 00000000         ;*   1. Redistributions of source code must retain the a
                       bove copyright notice,
   23 00000000         ;*      this list of conditions and the following discla
                       imer.
   24 00000000         ;*   2. Redistributions in binary form must reproduce th
                       e above copyright notice,
   25 00000000         ;*      this list of conditions and the following discla
                       imer in the documentation
   26 00000000         ;*      and/or other materials provided with the distrib
                       ution.
   27 00000000         ;*   3. Neither the name of STMicroelectronics nor the n
                       ames of its contributors
   28 00000000         ;*      may be used to endorse or promote products deriv
                       ed from this software
   29 00000000         ;*      without specific prior written permission.
   30 00000000         ;*
   31 00000000         ;* THIS SOFTWARE IS PROVIDED BY THE COPYRIGHT HOLDERS AN
                       D CONTRIBUTORS "AS IS"
   32 00000000         ;* AND ANY EXPRESS OR IMPLIED WARRANTIES, INCLUDING, BUT
                        NOT LIMITED TO, THE
   33 00000000         ;* IMPLIED WARRANTIES OF MERCHANTABILITY AND FITNESS FOR
                        A PARTICULAR PURPOSE ARE
   34 00000000         ;* DISCLAIMED. IN NO EVENT SHALL THE COPYRIGHT HOLDER OR
                        CONTRIBUTORS BE LIABLE
   35 00000000         ;* FOR ANY DIRECT, INDIRECT, INCIDENTAL, SPECIAL, EXEMPL
                       ARY, OR CONSEQUENTIAL
   36 00000000         ;* DAMAGES (INCLUDING, BUT NOT LIMITED TO, PROCUREMENT O



ARM Macro Assembler    Page 2 


                       F SUBSTITUTE GOODS OR
   37 00000000         ;* SERVICES; LOSS OF USE, DATA, OR PROFITS; OR BUSINESS 
                       INTERRUPTION) HOWEVER
   38 00000000         ;* CAUSED AND ON ANY THEORY OF LIABILITY, WHETHER IN CON
                       TRACT, STRICT LIABILITY,
   39 00000000         ;* OR TORT (INCLUDING NEGLIGENCE OR OTHERWISE) ARISING I
                       N ANY WAY OUT OF THE USE
   40 00000000         ;* OF THIS SOFTWARE, EVEN IF ADVISED OF THE POSSIBILITY 
                       OF SUCH DAMAGE.
   41 00000000         ; 
   42 00000000         ;*******************************************************
                       ************************
   43 00000000         
   44 00000000         ; Amount of memory (in bytes) allocated for Stack
   45 00000000         ; Tailor this value to your application needs
   46 00000000         ; <h> Stack Configuration
   47 00000000         ;   <o> Stack Size (in Bytes) <0x0-0xFFFFFFFF:8>
   48 00000000         ; </h>
   49 00000000         
   50 00000000 00000400 
                       Stack_Size
                               EQU              0x00000400
   51 00000000         
   52 00000000         
   53 00000000                 AREA             STACK, NOINIT, READWRITE, ALIGN
=3
   54 00000000         Stack_Mem
                               SPACE            Stack_Size
   55 00000400         __initial_sp
   56 00000400         
   57 00000400         
   58 00000400         ; <h> Heap Configuration
   59 00000400         ;   <o>  Heap Size (in Bytes) <0x0-0xFFFFFFFF:8>
   60 00000400         ; </h>
   61 00000400         
   62 00000400 00000000 
                       Heap_Size
                               EQU              0x00000000
   63 00000400         
   64 00000400                 AREA             HEAP, NOINIT, READWRITE, ALIGN=
3
   65 00000000         __heap_base
   66 00000000         Heap_Mem
                               SPACE            Heap_Size
   67 00000000         __heap_limit
   68 00000000         
   69 00000000                 PRESERVE8
   70 00000000                 THUMB
   71 00000000         
   72 00000000         
   73 00000000         ; Vector Table Mapped to Address 0 at Reset
   74 00000000                 AREA             RESET, DATA, READONLY
   75 00000000                 EXPORT           __Vectors
   76 00000000                 EXPORT           __Vectors_End
   77 00000000                 EXPORT           __Vectors_Size
   78 00000000         
   79 00000000 00000000 
                       __Vectors
                               DCD              __initial_sp ; Top of Stack



ARM Macro Assembler    Page 3 


   80 00000004 00000000        DCD              Reset_Handler ; Reset Handler
   81 00000008 00000000        DCD              NMI_Handler ; NMI Handler
   82 0000000C 00000000        DCD              HardFault_Handler ; Hard Fault 
                                                            Handler
   83 00000010 00000000        DCD              MemManage_Handler 
                                                            ; MPU Fault Handler
                                                            
   84 00000014 00000000        DCD              BusFault_Handler 
                                                            ; Bus Fault Handler
                                                            
   85 00000018 00000000        DCD              UsageFault_Handler ; Usage Faul
                                                            t Handler
   86 0000001C 00000000        DCD              0           ; Reserved
   87 00000020 00000000        DCD              0           ; Reserved
   88 00000024 00000000        DCD              0           ; Reserved
   89 00000028 00000000        DCD              0           ; Reserved
   90 0000002C 00000000        DCD              SVC_Handler ; SVCall Handler
   91 00000030 00000000        DCD              DebugMon_Handler ; Debug Monito
                                                            r Handler
   92 00000034 00000000        DCD              0           ; Reserved
   93 00000038 00000000        DCD              PendSV_Handler ; PendSV Handler
                                                            
   94 0000003C 00000000        DCD              SysTick_Handler 
                                                            ; SysTick Handler
   95 00000040         
   96 00000040         ; External Interrupts
   97 00000040 00000000        DCD              WWDG_IRQHandler 
                                                            ; Window Watchdog
   98 00000044 00000000        DCD              PVD_IRQHandler ; PVD through EX
                                                            TI Line detect
   99 00000048 00000000        DCD              TAMPER_IRQHandler ; Tamper
  100 0000004C 00000000        DCD              RTC_IRQHandler ; RTC
  101 00000050 00000000        DCD              FLASH_IRQHandler ; Flash
  102 00000054 00000000        DCD              RCC_IRQHandler ; RCC
  103 00000058 00000000        DCD              EXTI0_IRQHandler ; EXTI Line 0
  104 0000005C 00000000        DCD              EXTI1_IRQHandler ; EXTI Line 1
  105 00000060 00000000        DCD              EXTI2_IRQHandler ; EXTI Line 2
  106 00000064 00000000        DCD              EXTI3_IRQHandler ; EXTI Line 3
  107 00000068 00000000        DCD              EXTI4_IRQHandler ; EXTI Line 4
  108 0000006C 00000000        DCD              DMA1_Channel1_IRQHandler 
                                                            ; DMA1 Channel 1
  109 00000070 00000000        DCD              DMA1_Channel2_IRQHandler 
                                                            ; DMA1 Channel 2
  110 00000074 00000000        DCD              DMA1_Channel3_IRQHandler 
                                                            ; DMA1 Channel 3
  111 00000078 00000000        DCD              DMA1_Channel4_IRQHandler 
                                                            ; DMA1 Channel 4
  112 0000007C 00000000        DCD              DMA1_Channel5_IRQHandler 
                                                            ; DMA1 Channel 5
  113 00000080 00000000        DCD              DMA1_Channel6_IRQHandler 
                                                            ; DMA1 Channel 6
  114 00000084 00000000        DCD              DMA1_Channel7_IRQHandler 
                                                            ; DMA1 Channel 7
  115 00000088 00000000        DCD              ADC1_2_IRQHandler ; ADC1_2
  116 0000008C 00000000        DCD              USB_HP_CAN1_TX_IRQHandler ; USB
                                                             High Priority or C
                                                            AN1 TX
  117 00000090 00000000        DCD              USB_LP_CAN1_RX0_IRQHandler ; US
                                                            B Low  Priority or 



ARM Macro Assembler    Page 4 


                                                            CAN1 RX0
  118 00000094 00000000        DCD              CAN1_RX1_IRQHandler ; CAN1 RX1
  119 00000098 00000000        DCD              CAN1_SCE_IRQHandler ; CAN1 SCE
  120 0000009C 00000000        DCD              EXTI9_5_IRQHandler 
                                                            ; EXTI Line 9..5
  121 000000A0 00000000        DCD              TIM1_BRK_IRQHandler 
                                                            ; TIM1 Break
  122 000000A4 00000000        DCD              TIM1_UP_IRQHandler 
                                                            ; TIM1 Update
  123 000000A8 00000000        DCD              TIM1_TRG_COM_IRQHandler ; TIM1 
                                                            Trigger and Commuta
                                                            tion
  124 000000AC 00000000        DCD              TIM1_CC_IRQHandler ; TIM1 Captu
                                                            re Compare
  125 000000B0 00000000        DCD              TIM2_IRQHandler ; TIM2
  126 000000B4 00000000        DCD              TIM3_IRQHandler ; TIM3
  127 000000B8 00000000        DCD              0           ; Reserved
  128 000000BC 00000000        DCD              I2C1_EV_IRQHandler ; I2C1 Event
                                                            
  129 000000C0 00000000        DCD              I2C1_ER_IRQHandler ; I2C1 Error
                                                            
  130 000000C4 00000000        DCD              0           ; Reserved
  131 000000C8 00000000        DCD              0           ; Reserved
  132 000000CC 00000000        DCD              SPI1_IRQHandler ; SPI1
  133 000000D0 00000000        DCD              0           ; Reserved
  134 000000D4 00000000        DCD              USART1_IRQHandler ; USART1
  135 000000D8 00000000        DCD              USART2_IRQHandler ; USART2
  136 000000DC 00000000        DCD              0           ; Reserved
  137 000000E0 00000000        DCD              EXTI15_10_IRQHandler 
                                                            ; EXTI Line 15..10
  138 000000E4 00000000        DCD              RTC_Alarm_IRQHandler ; RTC Alar
                                                            m through EXTI Line
                                                            
  139 000000E8 00000000        DCD              USBWakeUp_IRQHandler ; USB Wake
                                                            up from suspend
  140 000000EC         __Vectors_End
  141 000000EC         
  142 000000EC 000000EC 
                       __Vectors_Size
                               EQU              __Vectors_End - __Vectors
  143 000000EC         
  144 000000EC                 AREA             |.text|, CODE, READONLY
  145 00000000         
  146 00000000         ; Reset handler routine
  147 00000000         Reset_Handler
                               PROC
  148 00000000                 EXPORT           Reset_Handler             [WEAK
]
  149 00000000                 IMPORT           __main
  150 00000000                 IMPORT           SystemInit
  151 00000000 4809            LDR              R0, =SystemInit
  152 00000002 4780            BLX              R0
  153 00000004 4809            LDR              R0, =__main
  154 00000006 4700            BX               R0
  155 00000008                 ENDP
  156 00000008         
  157 00000008         ; Dummy Exception Handlers (infinite loops which can be 
                       modified)
  158 00000008         



ARM Macro Assembler    Page 5 


  159 00000008         NMI_Handler
                               PROC
  160 00000008                 EXPORT           NMI_Handler                [WEA
K]
  161 00000008 E7FE            B                .
  162 0000000A                 ENDP
  164 0000000A         HardFault_Handler
                               PROC
  165 0000000A                 EXPORT           HardFault_Handler          [WEA
K]
  166 0000000A E7FE            B                .
  167 0000000C                 ENDP
  169 0000000C         MemManage_Handler
                               PROC
  170 0000000C                 EXPORT           MemManage_Handler          [WEA
K]
  171 0000000C E7FE            B                .
  172 0000000E                 ENDP
  174 0000000E         BusFault_Handler
                               PROC
  175 0000000E                 EXPORT           BusFault_Handler           [WEA
K]
  176 0000000E E7FE            B                .
  177 00000010                 ENDP
  179 00000010         UsageFault_Handler
                               PROC
  180 00000010                 EXPORT           UsageFault_Handler         [WEA
K]
  181 00000010 E7FE            B                .
  182 00000012                 ENDP
  183 00000012         SVC_Handler
                               PROC
  184 00000012                 EXPORT           SVC_Handler                [WEA
K]
  185 00000012 E7FE            B                .
  186 00000014                 ENDP
  188 00000014         DebugMon_Handler
                               PROC
  189 00000014                 EXPORT           DebugMon_Handler           [WEA
K]
  190 00000014 E7FE            B                .
  191 00000016                 ENDP
  192 00000016         PendSV_Handler
                               PROC
  193 00000016                 EXPORT           PendSV_Handler             [WEA
K]
  194 00000016 E7FE            B                .
  195 00000018                 ENDP
  196 00000018         SysTick_Handler
                               PROC
  197 00000018                 EXPORT           SysTick_Handler            [WEA
K]
  198 00000018 E7FE            B                .
  199 0000001A                 ENDP
  200 0000001A         
  201 0000001A         Default_Handler
                               PROC
  202 0000001A         
  203 0000001A                 EXPORT           WWDG_IRQHandler            [WEA



ARM Macro Assembler    Page 6 


K]
  204 0000001A                 EXPORT           PVD_IRQHandler             [WEA
K]
  205 0000001A                 EXPORT           TAMPER_IRQHandler          [WEA
K]
  206 0000001A                 EXPORT           RTC_IRQHandler             [WEA
K]
  207 0000001A                 EXPORT           FLASH_IRQHandler           [WEA
K]
  208 0000001A                 EXPORT           RCC_IRQHandler             [WEA
K]
  209 0000001A                 EXPORT           EXTI0_IRQHandler           [WEA
K]
  210 0000001A                 EXPORT           EXTI1_IRQHandler           [WEA
K]
  211 0000001A                 EXPORT           EXTI2_IRQHandler           [WEA
K]
  212 0000001A                 EXPORT           EXTI3_IRQHandler           [WEA
K]
  213 0000001A                 EXPORT           EXTI4_IRQHandler           [WEA
K]
  214 0000001A                 EXPORT           DMA1_Channel1_IRQHandler   [WEA
K]
  215 0000001A                 EXPORT           DMA1_Channel2_IRQHandler   [WEA
K]
  216 0000001A                 EXPORT           DMA1_Channel3_IRQHandler   [WEA
K]
  217 0000001A                 EXPORT           DMA1_Channel4_IRQHandler   [WEA
K]
  218 0000001A                 EXPORT           DMA1_Channel5_IRQHandler   [WEA
K]
  219 0000001A                 EXPORT           DMA1_Channel6_IRQHandler   [WEA
K]
  220 0000001A                 EXPORT           DMA1_Channel7_IRQHandler   [WEA
K]
  221 0000001A                 EXPORT           ADC1_2_IRQHandler          [WEA
K]
  222 0000001A                 EXPORT           USB_HP_CAN1_TX_IRQHandler  [WEA
K]
  223 0000001A                 EXPORT           USB_LP_CAN1_RX0_IRQHandler [WEA
K]
  224 0000001A                 EXPORT           CAN1_RX1_IRQHandler        [WEA
K]
  225 0000001A                 EXPORT           CAN1_SCE_IRQHandler        [WEA
K]
  226 0000001A                 EXPORT           EXTI9_5_IRQHandler         [WEA
K]
  227 0000001A                 EXPORT           TIM1_BRK_IRQHandler        [WEA
K]
  228 0000001A                 EXPORT           TIM1_UP_IRQHandler         [WEA
K]
  229 0000001A                 EXPORT           TIM1_TRG_COM_IRQHandler    [WEA
K]
  230 0000001A                 EXPORT           TIM1_CC_IRQHandler         [WEA
K]
  231 0000001A                 EXPORT           TIM2_IRQHandler            [WEA
K]
  232 0000001A                 EXPORT           TIM3_IRQHandler            [WEA
K]



ARM Macro Assembler    Page 7 


  233 0000001A                 EXPORT           I2C1_EV_IRQHandler         [WEA
K]
  234 0000001A                 EXPORT           I2C1_ER_IRQHandler         [WEA
K]
  235 0000001A                 EXPORT           SPI1_IRQHandler            [WEA
K]
  236 0000001A                 EXPORT           USART1_IRQHandler          [WEA
K]
  237 0000001A                 EXPORT           USART2_IRQHandler          [WEA
K]
  238 0000001A                 EXPORT           EXTI15_10_IRQHandler       [WEA
K]
  239 0000001A                 EXPORT           RTC_Alarm_IRQHandler        [WE
AK]
  240 0000001A                 EXPORT           USBWakeUp_IRQHandler       [WEA
K]
  241 0000001A         
  242 0000001A         WWDG_IRQHandler
  243 0000001A         PVD_IRQHandler
  244 0000001A         TAMPER_IRQHandler
  245 0000001A         RTC_IRQHandler
  246 0000001A         FLASH_IRQHandler
  247 0000001A         RCC_IRQHandler
  248 0000001A         EXTI0_IRQHandler
  249 0000001A         EXTI1_IRQHandler
  250 0000001A         EXTI2_IRQHandler
  251 0000001A         EXTI3_IRQHandler
  252 0000001A         EXTI4_IRQHandler
  253 0000001A         DMA1_Channel1_IRQHandler
  254 0000001A         DMA1_Channel2_IRQHandler
  255 0000001A         DMA1_Channel3_IRQHandler
  256 0000001A         DMA1_Channel4_IRQHandler
  257 0000001A         DMA1_Channel5_IRQHandler
  258 0000001A         DMA1_Channel6_IRQHandler
  259 0000001A         DMA1_Channel7_IRQHandler
  260 0000001A         ADC1_2_IRQHandler
  261 0000001A         USB_HP_CAN1_TX_IRQHandler
  262 0000001A         USB_LP_CAN1_RX0_IRQHandler
  263 0000001A         CAN1_RX1_IRQHandler
  264 0000001A         CAN1_SCE_IRQHandler
  265 0000001A         EXTI9_5_IRQHandler
  266 0000001A         TIM1_BRK_IRQHandler
  267 0000001A         TIM1_UP_IRQHandler
  268 0000001A         TIM1_TRG_COM_IRQHandler
  269 0000001A         TIM1_CC_IRQHandler
  270 0000001A         TIM2_IRQHandler
  271 0000001A         TIM3_IRQHandler
  272 0000001A         I2C1_EV_IRQHandler
  273 0000001A         I2C1_ER_IRQHandler
  274 0000001A         SPI1_IRQHandler
  275 0000001A         USART1_IRQHandler
  276 0000001A         USART2_IRQHandler
  277 0000001A         EXTI15_10_IRQHandler
  278 0000001A         RTC_Alarm_IRQHandler
  279 0000001A         USBWakeUp_IRQHandler
  280 0000001A         
  281 0000001A E7FE            B                .
  282 0000001C         
  283 0000001C                 ENDP



ARM Macro Assembler    Page 8 


  284 0000001C         
  285 0000001C                 ALIGN
  286 0000001C         
  287 0000001C         ;*******************************************************
                       ************************
  288 0000001C         ; User Stack and Heap initialization
  289 0000001C         ;*******************************************************
                       ************************
  290 0000001C                 IF               :DEF:__MICROLIB
  297 0000001C         
  298 0000001C                 IMPORT           __use_two_region_memory
  299 0000001C                 EXPORT           __user_initial_stackheap
  300 0000001C         
  301 0000001C         __user_initial_stackheap
  302 0000001C         
  303 0000001C 4804            LDR              R0, =  Heap_Mem
  304 0000001E 4905            LDR              R1, =(Stack_Mem + Stack_Size)
  305 00000020 4A03            LDR              R2, = (Heap_Mem +  Heap_Size)
  306 00000022 4B05            LDR              R3, = Stack_Mem
  307 00000024 4770            BX               LR
  308 00000026         
  309 00000026 00 00           ALIGN
  310 00000028         
  311 00000028                 ENDIF
  312 00000028         
  313 00000028                 END
              00000000 
              00000000 
              00000000 
              00000400 
              00000000 
Command Line: --debug --xref --diag_suppress=9931 --cpu=Cortex-M3 --apcs=interw
ork --depend=.\obj\startup_stm32f103x6.d -o.\obj\startup_stm32f103x6.o -I"C:\My
 programms\Keil\ARM\RV31\INC" -I"C:\My programms\Keil\ARM\CMSIS\Include" -I"C:\
My programms\Keil\ARM\Inc\ST\STM32F10x" --predefine="__EVAL SETA 1" --predefine
="__UVISION_VERSION SETA 523" --list=.\lst\startup_stm32f103x6.lst src\mcu_supp
ort_package\arm\startup_stm32f103x6.s



ARM Macro Assembler    Page 1 Alphabetic symbol ordering
Relocatable symbols

STACK 00000000

Symbol: STACK
   Definitions
      At line 53 in file src\mcu_support_package\arm\startup_stm32f103x6.s
   Uses
      None
Comment: STACK unused
Stack_Mem 00000000

Symbol: Stack_Mem
   Definitions
      At line 54 in file src\mcu_support_package\arm\startup_stm32f103x6.s
   Uses
      At line 304 in file src\mcu_support_package\arm\startup_stm32f103x6.s
      At line 306 in file src\mcu_support_package\arm\startup_stm32f103x6.s

__initial_sp 00000400

Symbol: __initial_sp
   Definitions
      At line 55 in file src\mcu_support_package\arm\startup_stm32f103x6.s
   Uses
      At line 79 in file src\mcu_support_package\arm\startup_stm32f103x6.s
Comment: __initial_sp used once
3 symbols



ARM Macro Assembler    Page 1 Alphabetic symbol ordering
Relocatable symbols

HEAP 00000000

Symbol: HEAP
   Definitions
      At line 64 in file src\mcu_support_package\arm\startup_stm32f103x6.s
   Uses
      None
Comment: HEAP unused
Heap_Mem 00000000

Symbol: Heap_Mem
   Definitions
      At line 66 in file src\mcu_support_package\arm\startup_stm32f103x6.s
   Uses
      At line 303 in file src\mcu_support_package\arm\startup_stm32f103x6.s
      At line 305 in file src\mcu_support_package\arm\startup_stm32f103x6.s

__heap_base 00000000

Symbol: __heap_base
   Definitions
      At line 65 in file src\mcu_support_package\arm\startup_stm32f103x6.s
   Uses
      None
Comment: __heap_base unused
__heap_limit 00000000

Symbol: __heap_limit
   Definitions
      At line 67 in file src\mcu_support_package\arm\startup_stm32f103x6.s
   Uses
      None
Comment: __heap_limit unused
4 symbols



ARM Macro Assembler    Page 1 Alphabetic symbol ordering
Relocatable symbols

RESET 00000000

Symbol: RESET
   Definitions
      At line 74 in file src\mcu_support_package\arm\startup_stm32f103x6.s
   Uses
      None
Comment: RESET unused
__Vectors 00000000

Symbol: __Vectors
   Definitions
      At line 79 in file src\mcu_support_package\arm\startup_stm32f103x6.s
   Uses
      At line 75 in file src\mcu_support_package\arm\startup_stm32f103x6.s
      At line 142 in file src\mcu_support_package\arm\startup_stm32f103x6.s

__Vectors_End 000000EC

Symbol: __Vectors_End
   Definitions
      At line 140 in file src\mcu_support_package\arm\startup_stm32f103x6.s
   Uses
      At line 76 in file src\mcu_support_package\arm\startup_stm32f103x6.s
      At line 142 in file src\mcu_support_package\arm\startup_stm32f103x6.s

3 symbols



ARM Macro Assembler    Page 1 Alphabetic symbol ordering
Relocatable symbols

.text 00000000

Symbol: .text
   Definitions
      At line 144 in file src\mcu_support_package\arm\startup_stm32f103x6.s
   Uses
      None
Comment: .text unused
ADC1_2_IRQHandler 0000001A

Symbol: ADC1_2_IRQHandler
   Definitions
      At line 260 in file src\mcu_support_package\arm\startup_stm32f103x6.s
   Uses
      At line 115 in file src\mcu_support_package\arm\startup_stm32f103x6.s
      At line 221 in file src\mcu_support_package\arm\startup_stm32f103x6.s

BusFault_Handler 0000000E

Symbol: BusFault_Handler
   Definitions
      At line 174 in file src\mcu_support_package\arm\startup_stm32f103x6.s
   Uses
      At line 84 in file src\mcu_support_package\arm\startup_stm32f103x6.s
      At line 175 in file src\mcu_support_package\arm\startup_stm32f103x6.s

CAN1_RX1_IRQHandler 0000001A

Symbol: CAN1_RX1_IRQHandler
   Definitions
      At line 263 in file src\mcu_support_package\arm\startup_stm32f103x6.s
   Uses
      At line 118 in file src\mcu_support_package\arm\startup_stm32f103x6.s
      At line 224 in file src\mcu_support_package\arm\startup_stm32f103x6.s

CAN1_SCE_IRQHandler 0000001A

Symbol: CAN1_SCE_IRQHandler
   Definitions
      At line 264 in file src\mcu_support_package\arm\startup_stm32f103x6.s
   Uses
      At line 119 in file src\mcu_support_package\arm\startup_stm32f103x6.s
      At line 225 in file src\mcu_support_package\arm\startup_stm32f103x6.s

DMA1_Channel1_IRQHandler 0000001A

Symbol: DMA1_Channel1_IRQHandler
   Definitions
      At line 253 in file src\mcu_support_package\arm\startup_stm32f103x6.s
   Uses
      At line 108 in file src\mcu_support_package\arm\startup_stm32f103x6.s
      At line 214 in file src\mcu_support_package\arm\startup_stm32f103x6.s

DMA1_Channel2_IRQHandler 0000001A

Symbol: DMA1_Channel2_IRQHandler
   Definitions
      At line 254 in file src\mcu_support_package\arm\startup_stm32f103x6.s
   Uses



ARM Macro Assembler    Page 2 Alphabetic symbol ordering
Relocatable symbols

      At line 109 in file src\mcu_support_package\arm\startup_stm32f103x6.s
      At line 215 in file src\mcu_support_package\arm\startup_stm32f103x6.s

DMA1_Channel3_IRQHandler 0000001A

Symbol: DMA1_Channel3_IRQHandler
   Definitions
      At line 255 in file src\mcu_support_package\arm\startup_stm32f103x6.s
   Uses
      At line 110 in file src\mcu_support_package\arm\startup_stm32f103x6.s
      At line 216 in file src\mcu_support_package\arm\startup_stm32f103x6.s

DMA1_Channel4_IRQHandler 0000001A

Symbol: DMA1_Channel4_IRQHandler
   Definitions
      At line 256 in file src\mcu_support_package\arm\startup_stm32f103x6.s
   Uses
      At line 111 in file src\mcu_support_package\arm\startup_stm32f103x6.s
      At line 217 in file src\mcu_support_package\arm\startup_stm32f103x6.s

DMA1_Channel5_IRQHandler 0000001A

Symbol: DMA1_Channel5_IRQHandler
   Definitions
      At line 257 in file src\mcu_support_package\arm\startup_stm32f103x6.s
   Uses
      At line 112 in file src\mcu_support_package\arm\startup_stm32f103x6.s
      At line 218 in file src\mcu_support_package\arm\startup_stm32f103x6.s

DMA1_Channel6_IRQHandler 0000001A

Symbol: DMA1_Channel6_IRQHandler
   Definitions
      At line 258 in file src\mcu_support_package\arm\startup_stm32f103x6.s
   Uses
      At line 113 in file src\mcu_support_package\arm\startup_stm32f103x6.s
      At line 219 in file src\mcu_support_package\arm\startup_stm32f103x6.s

DMA1_Channel7_IRQHandler 0000001A

Symbol: DMA1_Channel7_IRQHandler
   Definitions
      At line 259 in file src\mcu_support_package\arm\startup_stm32f103x6.s
   Uses
      At line 114 in file src\mcu_support_package\arm\startup_stm32f103x6.s
      At line 220 in file src\mcu_support_package\arm\startup_stm32f103x6.s

DebugMon_Handler 00000014

Symbol: DebugMon_Handler
   Definitions
      At line 188 in file src\mcu_support_package\arm\startup_stm32f103x6.s
   Uses
      At line 91 in file src\mcu_support_package\arm\startup_stm32f103x6.s
      At line 189 in file src\mcu_support_package\arm\startup_stm32f103x6.s

Default_Handler 0000001A




ARM Macro Assembler    Page 3 Alphabetic symbol ordering
Relocatable symbols

Symbol: Default_Handler
   Definitions
      At line 201 in file src\mcu_support_package\arm\startup_stm32f103x6.s
   Uses
      None
Comment: Default_Handler unused
EXTI0_IRQHandler 0000001A

Symbol: EXTI0_IRQHandler
   Definitions
      At line 248 in file src\mcu_support_package\arm\startup_stm32f103x6.s
   Uses
      At line 103 in file src\mcu_support_package\arm\startup_stm32f103x6.s
      At line 209 in file src\mcu_support_package\arm\startup_stm32f103x6.s

EXTI15_10_IRQHandler 0000001A

Symbol: EXTI15_10_IRQHandler
   Definitions
      At line 277 in file src\mcu_support_package\arm\startup_stm32f103x6.s
   Uses
      At line 137 in file src\mcu_support_package\arm\startup_stm32f103x6.s
      At line 238 in file src\mcu_support_package\arm\startup_stm32f103x6.s

EXTI1_IRQHandler 0000001A

Symbol: EXTI1_IRQHandler
   Definitions
      At line 249 in file src\mcu_support_package\arm\startup_stm32f103x6.s
   Uses
      At line 104 in file src\mcu_support_package\arm\startup_stm32f103x6.s
      At line 210 in file src\mcu_support_package\arm\startup_stm32f103x6.s

EXTI2_IRQHandler 0000001A

Symbol: EXTI2_IRQHandler
   Definitions
      At line 250 in file src\mcu_support_package\arm\startup_stm32f103x6.s
   Uses
      At line 105 in file src\mcu_support_package\arm\startup_stm32f103x6.s
      At line 211 in file src\mcu_support_package\arm\startup_stm32f103x6.s

EXTI3_IRQHandler 0000001A

Symbol: EXTI3_IRQHandler
   Definitions
      At line 251 in file src\mcu_support_package\arm\startup_stm32f103x6.s
   Uses
      At line 106 in file src\mcu_support_package\arm\startup_stm32f103x6.s
      At line 212 in file src\mcu_support_package\arm\startup_stm32f103x6.s

EXTI4_IRQHandler 0000001A

Symbol: EXTI4_IRQHandler
   Definitions
      At line 252 in file src\mcu_support_package\arm\startup_stm32f103x6.s
   Uses
      At line 107 in file src\mcu_support_package\arm\startup_stm32f103x6.s
      At line 213 in file src\mcu_support_package\arm\startup_stm32f103x6.s



ARM Macro Assembler    Page 4 Alphabetic symbol ordering
Relocatable symbols


EXTI9_5_IRQHandler 0000001A

Symbol: EXTI9_5_IRQHandler
   Definitions
      At line 265 in file src\mcu_support_package\arm\startup_stm32f103x6.s
   Uses
      At line 120 in file src\mcu_support_package\arm\startup_stm32f103x6.s
      At line 226 in file src\mcu_support_package\arm\startup_stm32f103x6.s

FLASH_IRQHandler 0000001A

Symbol: FLASH_IRQHandler
   Definitions
      At line 246 in file src\mcu_support_package\arm\startup_stm32f103x6.s
   Uses
      At line 101 in file src\mcu_support_package\arm\startup_stm32f103x6.s
      At line 207 in file src\mcu_support_package\arm\startup_stm32f103x6.s

HardFault_Handler 0000000A

Symbol: HardFault_Handler
   Definitions
      At line 164 in file src\mcu_support_package\arm\startup_stm32f103x6.s
   Uses
      At line 82 in file src\mcu_support_package\arm\startup_stm32f103x6.s
      At line 165 in file src\mcu_support_package\arm\startup_stm32f103x6.s

I2C1_ER_IRQHandler 0000001A

Symbol: I2C1_ER_IRQHandler
   Definitions
      At line 273 in file src\mcu_support_package\arm\startup_stm32f103x6.s
   Uses
      At line 129 in file src\mcu_support_package\arm\startup_stm32f103x6.s
      At line 234 in file src\mcu_support_package\arm\startup_stm32f103x6.s

I2C1_EV_IRQHandler 0000001A

Symbol: I2C1_EV_IRQHandler
   Definitions
      At line 272 in file src\mcu_support_package\arm\startup_stm32f103x6.s
   Uses
      At line 128 in file src\mcu_support_package\arm\startup_stm32f103x6.s
      At line 233 in file src\mcu_support_package\arm\startup_stm32f103x6.s

MemManage_Handler 0000000C

Symbol: MemManage_Handler
   Definitions
      At line 169 in file src\mcu_support_package\arm\startup_stm32f103x6.s
   Uses
      At line 83 in file src\mcu_support_package\arm\startup_stm32f103x6.s
      At line 170 in file src\mcu_support_package\arm\startup_stm32f103x6.s

NMI_Handler 00000008

Symbol: NMI_Handler
   Definitions



ARM Macro Assembler    Page 5 Alphabetic symbol ordering
Relocatable symbols

      At line 159 in file src\mcu_support_package\arm\startup_stm32f103x6.s
   Uses
      At line 81 in file src\mcu_support_package\arm\startup_stm32f103x6.s
      At line 160 in file src\mcu_support_package\arm\startup_stm32f103x6.s

PVD_IRQHandler 0000001A

Symbol: PVD_IRQHandler
   Definitions
      At line 243 in file src\mcu_support_package\arm\startup_stm32f103x6.s
   Uses
      At line 98 in file src\mcu_support_package\arm\startup_stm32f103x6.s
      At line 204 in file src\mcu_support_package\arm\startup_stm32f103x6.s

PendSV_Handler 00000016

Symbol: PendSV_Handler
   Definitions
      At line 192 in file src\mcu_support_package\arm\startup_stm32f103x6.s
   Uses
      At line 93 in file src\mcu_support_package\arm\startup_stm32f103x6.s
      At line 193 in file src\mcu_support_package\arm\startup_stm32f103x6.s

RCC_IRQHandler 0000001A

Symbol: RCC_IRQHandler
   Definitions
      At line 247 in file src\mcu_support_package\arm\startup_stm32f103x6.s
   Uses
      At line 102 in file src\mcu_support_package\arm\startup_stm32f103x6.s
      At line 208 in file src\mcu_support_package\arm\startup_stm32f103x6.s

RTC_Alarm_IRQHandler 0000001A

Symbol: RTC_Alarm_IRQHandler
   Definitions
      At line 278 in file src\mcu_support_package\arm\startup_stm32f103x6.s
   Uses
      At line 138 in file src\mcu_support_package\arm\startup_stm32f103x6.s
      At line 239 in file src\mcu_support_package\arm\startup_stm32f103x6.s

RTC_IRQHandler 0000001A

Symbol: RTC_IRQHandler
   Definitions
      At line 245 in file src\mcu_support_package\arm\startup_stm32f103x6.s
   Uses
      At line 100 in file src\mcu_support_package\arm\startup_stm32f103x6.s
      At line 206 in file src\mcu_support_package\arm\startup_stm32f103x6.s

Reset_Handler 00000000

Symbol: Reset_Handler
   Definitions
      At line 147 in file src\mcu_support_package\arm\startup_stm32f103x6.s
   Uses
      At line 80 in file src\mcu_support_package\arm\startup_stm32f103x6.s
      At line 148 in file src\mcu_support_package\arm\startup_stm32f103x6.s




ARM Macro Assembler    Page 6 Alphabetic symbol ordering
Relocatable symbols

SPI1_IRQHandler 0000001A

Symbol: SPI1_IRQHandler
   Definitions
      At line 274 in file src\mcu_support_package\arm\startup_stm32f103x6.s
   Uses
      At line 132 in file src\mcu_support_package\arm\startup_stm32f103x6.s
      At line 235 in file src\mcu_support_package\arm\startup_stm32f103x6.s

SVC_Handler 00000012

Symbol: SVC_Handler
   Definitions
      At line 183 in file src\mcu_support_package\arm\startup_stm32f103x6.s
   Uses
      At line 90 in file src\mcu_support_package\arm\startup_stm32f103x6.s
      At line 184 in file src\mcu_support_package\arm\startup_stm32f103x6.s

SysTick_Handler 00000018

Symbol: SysTick_Handler
   Definitions
      At line 196 in file src\mcu_support_package\arm\startup_stm32f103x6.s
   Uses
      At line 94 in file src\mcu_support_package\arm\startup_stm32f103x6.s
      At line 197 in file src\mcu_support_package\arm\startup_stm32f103x6.s

TAMPER_IRQHandler 0000001A

Symbol: TAMPER_IRQHandler
   Definitions
      At line 244 in file src\mcu_support_package\arm\startup_stm32f103x6.s
   Uses
      At line 99 in file src\mcu_support_package\arm\startup_stm32f103x6.s
      At line 205 in file src\mcu_support_package\arm\startup_stm32f103x6.s

TIM1_BRK_IRQHandler 0000001A

Symbol: TIM1_BRK_IRQHandler
   Definitions
      At line 266 in file src\mcu_support_package\arm\startup_stm32f103x6.s
   Uses
      At line 121 in file src\mcu_support_package\arm\startup_stm32f103x6.s
      At line 227 in file src\mcu_support_package\arm\startup_stm32f103x6.s

TIM1_CC_IRQHandler 0000001A

Symbol: TIM1_CC_IRQHandler
   Definitions
      At line 269 in file src\mcu_support_package\arm\startup_stm32f103x6.s
   Uses
      At line 124 in file src\mcu_support_package\arm\startup_stm32f103x6.s
      At line 230 in file src\mcu_support_package\arm\startup_stm32f103x6.s

TIM1_TRG_COM_IRQHandler 0000001A

Symbol: TIM1_TRG_COM_IRQHandler
   Definitions
      At line 268 in file src\mcu_support_package\arm\startup_stm32f103x6.s



ARM Macro Assembler    Page 7 Alphabetic symbol ordering
Relocatable symbols

   Uses
      At line 123 in file src\mcu_support_package\arm\startup_stm32f103x6.s
      At line 229 in file src\mcu_support_package\arm\startup_stm32f103x6.s

TIM1_UP_IRQHandler 0000001A

Symbol: TIM1_UP_IRQHandler
   Definitions
      At line 267 in file src\mcu_support_package\arm\startup_stm32f103x6.s
   Uses
      At line 122 in file src\mcu_support_package\arm\startup_stm32f103x6.s
      At line 228 in file src\mcu_support_package\arm\startup_stm32f103x6.s

TIM2_IRQHandler 0000001A

Symbol: TIM2_IRQHandler
   Definitions
      At line 270 in file src\mcu_support_package\arm\startup_stm32f103x6.s
   Uses
      At line 125 in file src\mcu_support_package\arm\startup_stm32f103x6.s
      At line 231 in file src\mcu_support_package\arm\startup_stm32f103x6.s

TIM3_IRQHandler 0000001A

Symbol: TIM3_IRQHandler
   Definitions
      At line 271 in file src\mcu_support_package\arm\startup_stm32f103x6.s
   Uses
      At line 126 in file src\mcu_support_package\arm\startup_stm32f103x6.s
      At line 232 in file src\mcu_support_package\arm\startup_stm32f103x6.s

USART1_IRQHandler 0000001A

Symbol: USART1_IRQHandler
   Definitions
      At line 275 in file src\mcu_support_package\arm\startup_stm32f103x6.s
   Uses
      At line 134 in file src\mcu_support_package\arm\startup_stm32f103x6.s
      At line 236 in file src\mcu_support_package\arm\startup_stm32f103x6.s

USART2_IRQHandler 0000001A

Symbol: USART2_IRQHandler
   Definitions
      At line 276 in file src\mcu_support_package\arm\startup_stm32f103x6.s
   Uses
      At line 135 in file src\mcu_support_package\arm\startup_stm32f103x6.s
      At line 237 in file src\mcu_support_package\arm\startup_stm32f103x6.s

USBWakeUp_IRQHandler 0000001A

Symbol: USBWakeUp_IRQHandler
   Definitions
      At line 279 in file src\mcu_support_package\arm\startup_stm32f103x6.s
   Uses
      At line 139 in file src\mcu_support_package\arm\startup_stm32f103x6.s
      At line 240 in file src\mcu_support_package\arm\startup_stm32f103x6.s

USB_HP_CAN1_TX_IRQHandler 0000001A



ARM Macro Assembler    Page 8 Alphabetic symbol ordering
Relocatable symbols


Symbol: USB_HP_CAN1_TX_IRQHandler
   Definitions
      At line 261 in file src\mcu_support_package\arm\startup_stm32f103x6.s
   Uses
      At line 116 in file src\mcu_support_package\arm\startup_stm32f103x6.s
      At line 222 in file src\mcu_support_package\arm\startup_stm32f103x6.s

USB_LP_CAN1_RX0_IRQHandler 0000001A

Symbol: USB_LP_CAN1_RX0_IRQHandler
   Definitions
      At line 262 in file src\mcu_support_package\arm\startup_stm32f103x6.s
   Uses
      At line 117 in file src\mcu_support_package\arm\startup_stm32f103x6.s
      At line 223 in file src\mcu_support_package\arm\startup_stm32f103x6.s

UsageFault_Handler 00000010

Symbol: UsageFault_Handler
   Definitions
      At line 179 in file src\mcu_support_package\arm\startup_stm32f103x6.s
   Uses
      At line 85 in file src\mcu_support_package\arm\startup_stm32f103x6.s
      At line 180 in file src\mcu_support_package\arm\startup_stm32f103x6.s

WWDG_IRQHandler 0000001A

Symbol: WWDG_IRQHandler
   Definitions
      At line 242 in file src\mcu_support_package\arm\startup_stm32f103x6.s
   Uses
      At line 97 in file src\mcu_support_package\arm\startup_stm32f103x6.s
      At line 203 in file src\mcu_support_package\arm\startup_stm32f103x6.s

__user_initial_stackheap 0000001C

Symbol: __user_initial_stackheap
   Definitions
      At line 301 in file src\mcu_support_package\arm\startup_stm32f103x6.s
   Uses
      At line 299 in file src\mcu_support_package\arm\startup_stm32f103x6.s
Comment: __user_initial_stackheap used once
51 symbols



ARM Macro Assembler    Page 1 Alphabetic symbol ordering
Absolute symbols

Heap_Size 00000000

Symbol: Heap_Size
   Definitions
      At line 62 in file src\mcu_support_package\arm\startup_stm32f103x6.s
   Uses
      At line 66 in file src\mcu_support_package\arm\startup_stm32f103x6.s
      At line 305 in file src\mcu_support_package\arm\startup_stm32f103x6.s

Stack_Size 00000400

Symbol: Stack_Size
   Definitions
      At line 50 in file src\mcu_support_package\arm\startup_stm32f103x6.s
   Uses
      At line 54 in file src\mcu_support_package\arm\startup_stm32f103x6.s
      At line 304 in file src\mcu_support_package\arm\startup_stm32f103x6.s

__Vectors_Size 000000EC

Symbol: __Vectors_Size
   Definitions
      At line 142 in file src\mcu_support_package\arm\startup_stm32f103x6.s
   Uses
      At line 77 in file src\mcu_support_package\arm\startup_stm32f103x6.s
Comment: __Vectors_Size used once
3 symbols



ARM Macro Assembler    Page 1 Alphabetic symbol ordering
External symbols

SystemInit 00000000

Symbol: SystemInit
   Definitions
      At line 150 in file src\mcu_support_package\arm\startup_stm32f103x6.s
   Uses
      At line 151 in file src\mcu_support_package\arm\startup_stm32f103x6.s
Comment: SystemInit used once
__main 00000000

Symbol: __main
   Definitions
      At line 149 in file src\mcu_support_package\arm\startup_stm32f103x6.s
   Uses
      At line 153 in file src\mcu_support_package\arm\startup_stm32f103x6.s
Comment: __main used once
__use_two_region_memory 00000000

Symbol: __use_two_region_memory
   Definitions
      At line 298 in file src\mcu_support_package\arm\startup_stm32f103x6.s
   Uses
      None
Comment: __use_two_region_memory unused
3 symbols
403 symbols in table
